<?xml version="1.0" encoding="UTF-8"?>
<testng-results ignored="0" total="3" passed="2" failed="1" skipped="0">
  <reporter-output>
  </reporter-output>
  <suite started-at="2024-08-15T21:35:26 IST" name="Default suite" finished-at="2024-08-15T21:38:41 IST" duration-ms="194875">
    <groups>
      <group name="Smoke">
        <method signature="HomePageTest.BannerTest()[pri:0, instance:com.sydney.testcases.HomePageTest@ef9296d]" name="BannerTest" class="com.sydney.testcases.HomePageTest"/>
        <method signature="HomePageTest.verifyLogo()[pri:0, instance:com.sydney.testcases.HomePageTest@ef9296d]" name="verifyLogo" class="com.sydney.testcases.HomePageTest"/>
        <method signature="HomePageTest.wishListTest()[pri:0, instance:com.sydney.testcases.HomePageTest@ef9296d]" name="wishListTest" class="com.sydney.testcases.HomePageTest"/>
      </group> <!-- Smoke -->
    </groups>
    <test started-at="2024-08-15T21:35:26 IST" name="Default test" finished-at="2024-08-15T21:38:41 IST" duration-ms="194875">
      <class name="com.sydney.testcases.HomePageTest">
        <test-method is-config="true" signature="loadConfig()[pri:0, instance:com.sydney.testcases.HomePageTest@ef9296d]" started-at="2024-08-15T21:35:26 IST" name="loadConfig" finished-at="2024-08-15T21:35:26 IST" duration-ms="492" status="PASS">
          <reporter-output>
          </reporter-output>
        </test-method> <!-- loadConfig -->
        <test-method is-config="true" signature="launchApp(java.lang.String)[pri:0, instance:com.sydney.testcases.HomePageTest@ef9296d]" started-at="2024-08-15T21:35:26 IST" name="launchApp" finished-at="2024-08-15T21:35:56 IST" duration-ms="29666" status="PASS">
          <params>
            <param index="0">
              <value>
                <![CDATA[chrome]]>
              </value>
            </param>
          </params>
          <reporter-output>
          </reporter-output>
        </test-method> <!-- launchApp -->
        <test-method is-config="true" signature="setup(java.lang.String)[pri:0, instance:com.sydney.testcases.HomePageTest@ef9296d]" started-at="2024-08-15T21:35:56 IST" name="setup" finished-at="2024-08-15T21:36:24 IST" duration-ms="27891" status="PASS">
          <params>
            <param index="0">
              <value>
                <![CDATA[chrome]]>
              </value>
            </param>
          </params>
          <reporter-output>
          </reporter-output>
        </test-method> <!-- setup -->
        <test-method signature="BannerTest()[pri:0, instance:com.sydney.testcases.HomePageTest@ef9296d]" started-at="2024-08-15T21:36:24 IST" name="BannerTest" finished-at="2024-08-15T21:36:26 IST" duration-ms="1718" status="FAIL">
          <exception class="org.openqa.selenium.StaleElementReferenceException">
            <message>
              <![CDATA[stale element reference: stale element not found
  (Session info: chrome=114.0.5735.199)
For documentation on this error, please visit: https://www.seleniumhq.org/exceptions/stale_element_reference.html
Build info: version: '3.141.59', revision: 'e82be7d358', time: '2018-11-14T08:17:03'
System info: host: 'DESKTOP-LC4VG59', ip: '192.168.31.172', os.name: 'Windows 10', os.arch: 'amd64', os.version: '10.0', java.version: '17.0.3.1'
Driver info: org.openqa.selenium.chrome.ChromeDriver
Capabilities {acceptInsecureCerts: false, browserName: chrome, browserVersion: 114.0.5735.199, chrome: {chromedriverVersion: 114.0.5735.90 (386bc09e8f4f..., userDataDir: C:\Users\Nikita\AppData\Loc...}, goog:chromeOptions: {debuggerAddress: localhost:51433}, javascriptEnabled: true, networkConnectionEnabled: false, pageLoadStrategy: normal, platform: WINDOWS, platformName: WINDOWS, proxy: Proxy(), setWindowRect: true, strictFileInteractability: false, timeouts: {implicit: 0, pageLoad: 300000, script: 30000}, unhandledPromptBehavior: dismiss and notify, webauthn:extension:credBlob: true, webauthn:extension:largeBlob: true, webauthn:extension:minPinLength: true, webauthn:extension:prf: true, webauthn:virtualAuthenticators: true}
Session ID: 70e503be74d212275d124e724a7381da]]>
            </message>
            <full-stacktrace>
              <![CDATA[org.openqa.selenium.StaleElementReferenceException: stale element reference: stale element not found
  (Session info: chrome=114.0.5735.199)
For documentation on this error, please visit: https://www.seleniumhq.org/exceptions/stale_element_reference.html
Build info: version: '3.141.59', revision: 'e82be7d358', time: '2018-11-14T08:17:03'
System info: host: 'DESKTOP-LC4VG59', ip: '192.168.31.172', os.name: 'Windows 10', os.arch: 'amd64', os.version: '10.0', java.version: '17.0.3.1'
Driver info: org.openqa.selenium.chrome.ChromeDriver
Capabilities {acceptInsecureCerts: false, browserName: chrome, browserVersion: 114.0.5735.199, chrome: {chromedriverVersion: 114.0.5735.90 (386bc09e8f4f..., userDataDir: C:\Users\Nikita\AppData\Loc...}, goog:chromeOptions: {debuggerAddress: localhost:51433}, javascriptEnabled: true, networkConnectionEnabled: false, pageLoadStrategy: normal, platform: WINDOWS, platformName: WINDOWS, proxy: Proxy(), setWindowRect: true, strictFileInteractability: false, timeouts: {implicit: 0, pageLoad: 300000, script: 30000}, unhandledPromptBehavior: dismiss and notify, webauthn:extension:credBlob: true, webauthn:extension:largeBlob: true, webauthn:extension:minPinLength: true, webauthn:extension:prf: true, webauthn:virtualAuthenticators: true}
Session ID: 70e503be74d212275d124e724a7381da
at java.base/jdk.internal.reflect.NativeConstructorAccessorImpl.newInstance0(Native Method)
at java.base/jdk.internal.reflect.NativeConstructorAccessorImpl.newInstance(NativeConstructorAccessorImpl.java:77)
at java.base/jdk.internal.reflect.DelegatingConstructorAccessorImpl.newInstance(DelegatingConstructorAccessorImpl.java:45)
at java.base/java.lang.reflect.Constructor.newInstanceWithCaller(Constructor.java:499)
at java.base/java.lang.reflect.Constructor.newInstance(Constructor.java:480)
at org.openqa.selenium.remote.http.W3CHttpResponseCodec.createException(W3CHttpResponseCodec.java:187)
at org.openqa.selenium.remote.http.W3CHttpResponseCodec.decode(W3CHttpResponseCodec.java:122)
at org.openqa.selenium.remote.http.W3CHttpResponseCodec.decode(W3CHttpResponseCodec.java:49)
at org.openqa.selenium.remote.HttpCommandExecutor.execute(HttpCommandExecutor.java:158)
at org.openqa.selenium.remote.service.DriverCommandExecutor.execute(DriverCommandExecutor.java:83)
at org.openqa.selenium.remote.RemoteWebDriver.execute(RemoteWebDriver.java:552)
at org.openqa.selenium.remote.RemoteWebDriver.perform(RemoteWebDriver.java:618)
at org.openqa.selenium.interactions.Actions$BuiltAction.perform(Actions.java:639)
at com.sydney.actiondriver.Action.click(Action.java:44)
at com.sydney.pageobjects.HomePage.clickOnEssentialShopNow(HomePage.java:103)
at com.sydney.testcases.HomePageTest.BannerTest(HomePageTest.java:62)
at java.base/jdk.internal.reflect.NativeMethodAccessorImpl.invoke0(Native Method)
at java.base/jdk.internal.reflect.NativeMethodAccessorImpl.invoke(NativeMethodAccessorImpl.java:77)
at java.base/jdk.internal.reflect.DelegatingMethodAccessorImpl.invoke(DelegatingMethodAccessorImpl.java:43)
at java.base/java.lang.reflect.Method.invoke(Method.java:568)
at org.testng.internal.MethodInvocationHelper.invokeMethod(MethodInvocationHelper.java:134)
at org.testng.internal.TestInvoker.invokeMethod(TestInvoker.java:597)
at org.testng.internal.TestInvoker.invokeTestMethod(TestInvoker.java:173)
at org.testng.internal.MethodRunner.runInSequence(MethodRunner.java:46)
at org.testng.internal.TestInvoker$MethodInvocationAgent.invoke(TestInvoker.java:816)
at org.testng.internal.TestInvoker.invokeTestMethods(TestInvoker.java:146)
at org.testng.internal.TestMethodWorker.invokeTestMethods(TestMethodWorker.java:146)
at org.testng.internal.TestMethodWorker.run(TestMethodWorker.java:128)
at java.base/java.util.ArrayList.forEach(ArrayList.java:1511)
at org.testng.TestRunner.privateRun(TestRunner.java:766)
at org.testng.TestRunner.run(TestRunner.java:587)
at org.testng.SuiteRunner.runTest(SuiteRunner.java:384)
at org.testng.SuiteRunner.runSequentially(SuiteRunner.java:378)
at org.testng.SuiteRunner.privateRun(SuiteRunner.java:337)
at org.testng.SuiteRunner.run(SuiteRunner.java:286)
at org.testng.SuiteRunnerWorker.runSuite(SuiteRunnerWorker.java:53)
at org.testng.SuiteRunnerWorker.run(SuiteRunnerWorker.java:96)
at org.testng.TestNG.runSuitesSequentially(TestNG.java:1187)
at org.testng.TestNG.runSuitesLocally(TestNG.java:1109)
at org.testng.TestNG.runSuites(TestNG.java:1039)
at org.testng.TestNG.run(TestNG.java:1007)
at org.testng.remote.AbstractRemoteTestNG.run(AbstractRemoteTestNG.java:115)
at org.testng.remote.RemoteTestNG.initAndRun(RemoteTestNG.java:251)
at org.testng.remote.RemoteTestNG.main(RemoteTestNG.java:77)
]]>
            </full-stacktrace>
          </exception> <!-- org.openqa.selenium.StaleElementReferenceException -->
          <reporter-output>
          </reporter-output>
        </test-method> <!-- BannerTest -->
        <test-method is-config="true" signature="tearDown()[pri:0, instance:com.sydney.testcases.HomePageTest@ef9296d]" started-at="2024-08-15T21:36:26 IST" name="tearDown" finished-at="2024-08-15T21:36:26 IST" duration-ms="604" status="PASS">
          <reporter-output>
          </reporter-output>
        </test-method> <!-- tearDown -->
        <test-method is-config="true" signature="launchApp(java.lang.String)[pri:0, instance:com.sydney.testcases.HomePageTest@ef9296d]" started-at="2024-08-15T21:36:26 IST" name="launchApp" finished-at="2024-08-15T21:37:05 IST" duration-ms="39027" status="PASS">
          <params>
            <param index="0">
              <value>
                <![CDATA[chrome]]>
              </value>
            </param>
          </params>
          <reporter-output>
          </reporter-output>
        </test-method> <!-- launchApp -->
        <test-method is-config="true" signature="setup(java.lang.String)[pri:0, instance:com.sydney.testcases.HomePageTest@ef9296d]" started-at="2024-08-15T21:37:05 IST" name="setup" finished-at="2024-08-15T21:37:45 IST" duration-ms="39448" status="PASS">
          <params>
            <param index="0">
              <value>
                <![CDATA[chrome]]>
              </value>
            </param>
          </params>
          <reporter-output>
          </reporter-output>
        </test-method> <!-- setup -->
        <test-method signature="verifyLogo()[pri:0, instance:com.sydney.testcases.HomePageTest@ef9296d]" started-at="2024-08-15T21:37:45 IST" name="verifyLogo" finished-at="2024-08-15T21:37:45 IST" duration-ms="118" status="PASS">
          <reporter-output>
          </reporter-output>
        </test-method> <!-- verifyLogo -->
        <test-method is-config="true" signature="tearDown()[pri:0, instance:com.sydney.testcases.HomePageTest@ef9296d]" started-at="2024-08-15T21:37:45 IST" name="tearDown" finished-at="2024-08-15T21:37:45 IST" duration-ms="606" status="PASS">
          <reporter-output>
          </reporter-output>
        </test-method> <!-- tearDown -->
        <test-method is-config="true" signature="launchApp(java.lang.String)[pri:0, instance:com.sydney.testcases.HomePageTest@ef9296d]" started-at="2024-08-15T21:37:45 IST" name="launchApp" finished-at="2024-08-15T21:38:13 IST" duration-ms="28009" status="PASS">
          <params>
            <param index="0">
              <value>
                <![CDATA[chrome]]>
              </value>
            </param>
          </params>
          <reporter-output>
          </reporter-output>
        </test-method> <!-- launchApp -->
        <test-method is-config="true" signature="setup(java.lang.String)[pri:0, instance:com.sydney.testcases.HomePageTest@ef9296d]" started-at="2024-08-15T21:38:13 IST" name="setup" finished-at="2024-08-15T21:38:37 IST" duration-ms="23714" status="PASS">
          <params>
            <param index="0">
              <value>
                <![CDATA[chrome]]>
              </value>
            </param>
          </params>
          <reporter-output>
          </reporter-output>
        </test-method> <!-- setup -->
        <test-method signature="wishListTest()[pri:0, instance:com.sydney.testcases.HomePageTest@ef9296d]" started-at="2024-08-15T21:38:37 IST" name="wishListTest" finished-at="2024-08-15T21:38:41 IST" duration-ms="3391" status="PASS">
          <reporter-output>
          </reporter-output>
        </test-method> <!-- wishListTest -->
        <test-method is-config="true" signature="tearDown()[pri:0, instance:com.sydney.testcases.HomePageTest@ef9296d]" started-at="2024-08-15T21:38:41 IST" name="tearDown" finished-at="2024-08-15T21:38:41 IST" duration-ms="591" status="PASS">
          <reporter-output>
          </reporter-output>
        </test-method> <!-- tearDown -->
        <test-method is-config="true" signature="afterSuite()[pri:0, instance:com.sydney.testcases.HomePageTest@ef9296d]" started-at="2024-08-15T21:38:41 IST" name="afterSuite" finished-at="2024-08-15T21:38:41 IST" duration-ms="18" status="PASS">
          <reporter-output>
          </reporter-output>
        </test-method> <!-- afterSuite -->
      </class> <!-- com.sydney.testcases.HomePageTest -->
    </test> <!-- Default test -->
  </suite> <!-- Default suite -->
</testng-results>
